Removed Pin From Net: NetName=GND Pin=U6-4
Removed Pin From Net: NetName=PARD_N_5V Pin=U6-6
Removed Pin From Net: NetName=PAWR_N_5V Pin=U6-7
Removed Pin From Net: NetName=GND Pin=X1-4
Change Component DesignItemId : Designator=X1 Old DesignItemId=CTX314CT-ND_40MHz New DesignItemId=CTX1282CT-ND_50MHz
Change Component Comment : Designator=X1 Old Comment=CTX314CT-ND New Comment=CTX1282CT-ND
Change Component Description : Designator=X1 Old Description=40 MHz 5v Oscillator New Description=50 MHz 3.3v Oscillator
Added Component: Designator=C20(CAPC1608X90N)
Added Component: Designator=C21(CAPC1608X90N)
Added Component: Designator=C22(CAPC1608X90N)
Added Component: Designator=C23(CAPC1608X90N)
Added Component: Designator=C24(CAPC1608X90N)
Added Component: Designator=C25(CAPC1608X90N)
Added Component: Designator=C26(CAPC1608X90N)
Added Component: Designator=C27(CAPC1608X90N)
Added Component: Designator=C28(CAPC1608X90N)
Added Pin To Net: NetName=SNES_VCC Pin=C20-1
Added Pin To Net: NetName=GND Pin=C20-2
Added Pin To Net: NetName=SNES_VCC Pin=C21-1
Added Pin To Net: NetName=GND Pin=C21-2
Added Pin To Net: NetName=VCC3.3 Pin=C22-1
Added Pin To Net: NetName=GND Pin=C22-2
Added Pin To Net: NetName=VCC3.3 Pin=C23-1
Added Pin To Net: NetName=GND Pin=C23-2
Added Pin To Net: NetName=SNES_VCC Pin=C24-1
Added Pin To Net: NetName=GND Pin=C24-2
Added Pin To Net: NetName=SNES_VCC Pin=C25-1
Added Pin To Net: NetName=GND Pin=C25-2
Added Pin To Net: NetName=VCC3.3 Pin=C26-1
Added Pin To Net: NetName=GND Pin=C26-2
Added Pin To Net: NetName=VCC3.3 Pin=C27-1
Added Pin To Net: NetName=GND Pin=C27-2
Added Pin To Net: NetName=VCC3.3 Pin=C28-1
Added Pin To Net: NetName=GND Pin=C28-2
Added Pin To Net: NetName=VCC3.3 Pin=U4-31
Added Pin To Net: NetName=VCC3.3 Pin=U4-42
Added Pin To Net: NetName=VCC3.3 Pin=U5-1
Added Pin To Net: NetName=PAWR_N Pin=U6-2
Added Pin To Net: NetName=PARD_N Pin=U6-3
Added Pin To Net: NetName=VCC3.3 Pin=X1-1
Added Pin To Net: NetName=VCC3.3 Pin=X1-4
Added Member To Class: ClassName=21FX_revd Member=Component C20 approved sub OK
Added Member To Class: ClassName=21FX_revd Member=Component C21 approved sub OK
Added Member To Class: ClassName=21FX_revd Member=Component C22 approved sub OK
Added Member To Class: ClassName=21FX_revd Member=Component C23 approved sub OK
Added Member To Class: ClassName=21FX_revd Member=Component C24 approved sub OK
Added Member To Class: ClassName=21FX_revd Member=Component C25 approved sub OK
Added Member To Class: ClassName=21FX_revd Member=Component C26 approved sub OK
Added Member To Class: ClassName=21FX_revd Member=Component C27 approved sub OK
Added Member To Class: ClassName=21FX_revd Member=Component C28 approved sub OK
