Removed Pin From Net: NetName=PA_DIR Pin=U4-1
Removed Pin From Net: NetName=NetU4_4 Pin=U4-4
Removed Pin From Net: NetName=NetU4_4 Pin=U4-10
Removed Pin From Net: NetName=NetU4_4 Pin=U4-15
Removed Pin From Net: NetName=NetU4_4 Pin=U4-21
Removed Pin From Net: NetName=D7_5V Pin=U4-23
Removed Pin From Net: NetName=D_OEN Pin=U4-25
Removed Pin From Net: NetName=D7 Pin=U4-26
Removed Pin From Net: NetName=D6 Pin=U4-27
Removed Pin From Net: NetName=NetU4_4 Pin=U4-28
Removed Pin From Net: NetName=D5 Pin=U4-29
Removed Pin From Net: NetName=D4 Pin=U4-30
Removed Pin From Net: NetName=D3 Pin=U4-32
Removed Pin From Net: NetName=NetU4_4 Pin=U4-34
Removed Pin From Net: NetName=D1 Pin=U4-35
Removed Pin From Net: NetName=D0 Pin=U4-36
Removed Pin From Net: NetName=PA7 Pin=U4-37
Removed Pin From Net: NetName=NetU4_4 Pin=U4-39
Removed Pin From Net: NetName=PA5 Pin=U4-40
Removed Pin From Net: NetName=PA4 Pin=U4-41
Removed Pin From Net: NetName=PA3 Pin=U4-43
Removed Pin From Net: NetName=PA2 Pin=U4-44
Removed Pin From Net: NetName=NetU4_4 Pin=U4-45
Removed Pin From Net: NetName=PA1 Pin=U4-46
Removed Pin From Net: NetName=PA0 Pin=U4-47
Removed Pin From Net: NetName=VCC3.3 Pin=U5-1
Removed Pin From Net: NetName=GND Pin=U5-4
Removed Pin From Net: NetName=IRQ_N_5V Pin=U5-7
Removed Pin From Net: NetName=SNES_VCC Pin=U5-8
Removed Pin From Net: NetName=PARD_N Pin=U6-3
Removed Pin From Net: NetName=PARD_N_5V Pin=U6-6
Removed Pin From Net: NetName=GND Pin=X1-4
Added Pin To Net: NetName=PA0 Pin=U1-1
Added Pin To Net: NetName=NetU4_4 Pin=U1-77
Added Pin To Net: NetName=PA_DIR Pin=U1-78
Added Pin To Net: NetName=D7 Pin=U1-81
Added Pin To Net: NetName=D6 Pin=U1-82
Added Pin To Net: NetName=D5 Pin=U1-83
Added Pin To Net: NetName=D4 Pin=U1-84
Added Pin To Net: NetName=D3 Pin=U1-85
Added Pin To Net: NetName=D1 Pin=U1-87
Added Pin To Net: NetName=D0 Pin=U1-89
Added Pin To Net: NetName=PA7 Pin=U1-91
Added Pin To Net: NetName=PA5 Pin=U1-96
Added Pin To Net: NetName=PA4 Pin=U1-97
Added Pin To Net: NetName=PA3 Pin=U1-98
Added Pin To Net: NetName=PA2 Pin=U1-99
Added Pin To Net: NetName=PA1 Pin=U1-100
Added Pin To Net: NetName=PA0_5V Pin=U4-2
Added Pin To Net: NetName=GND Pin=U4-10
Added Pin To Net: NetName=GND Pin=U4-15
Added Pin To Net: NetName=GND Pin=U4-21
Added Pin To Net: NetName=GND Pin=U4-28
Added Pin To Net: NetName=GND Pin=U4-34
Added Pin To Net: NetName=GND Pin=U4-39
Added Pin To Net: NetName=GND Pin=U4-45
Added Pin To Net: NetName=GND Pin=U6-4
Added Pin To Net: NetName=VCC3.3 Pin=X1-4
Change Net Name : Old Net Name=NetU4_4 New Net Name=PA_OEN
