Removed Pin From Net: NetName=PA0_5V Pin=U4-2
Removed Pin From Net: NetName=PA1_5V Pin=U4-3
Removed Pin From Net: NetName=PA2_5V Pin=U4-5
Removed Pin From Net: NetName=PA3_5V Pin=U4-6
Removed Pin From Net: NetName=PA4_5V Pin=U4-8
Removed Pin From Net: NetName=PA5_5V Pin=U4-9
Removed Pin From Net: NetName=PA6_5V Pin=U4-11
Removed Pin From Net: NetName=PA7_5V Pin=U4-12
Removed Pin From Net: NetName=D0_5V Pin=U4-13
Removed Pin From Net: NetName=D1_5V Pin=U4-14
Removed Pin From Net: NetName=D2_5V Pin=U4-16
Removed Pin From Net: NetName=D3_5V Pin=U4-17
Removed Pin From Net: NetName=D4_5V Pin=U4-19
Removed Pin From Net: NetName=D5_5V Pin=U4-20
Removed Pin From Net: NetName=D6_5V Pin=U4-22
Removed Pin From Net: NetName=D7_5V Pin=U4-23
Removed Pin From Net: NetName=D7 Pin=U4-26
Removed Pin From Net: NetName=GND Pin=U4-45
Removed Pin From Net: NetName=GND Pin=X1-4
Added Pin To Net: NetName=VCC3.3 Pin=X1-4
