Added Component: Designator=*(DB-25_RA_MPLUG)
Added Component: Designator=C1(CAPC1608X90N)
Added Component: Designator=C2(CAPC1608X90N)
Added Component: Designator=C3(CAPC1608X90N)
Added Component: Designator=C4(CAPC1608X90N)
Added Component: Designator=C5(CAPC1608X90N)
Added Component: Designator=J1(DB-25_RA_MPLUG)
Added Component: Designator=J2(PLCC_SOCKET_7x9_32P)
Added Component: Designator=J3(ADAFRUIT_232H)
Added Component: Designator=J4(JTAG_CONN)
Added Component: Designator=J5(HEADER_3PIN)
Added Component: Designator=J?(USB_MINI-B_WURTH-TH)
Added Component: Designator=U1(TQFP44_L)
Added Component: Designator=U?(TQFP100_A-120_N)
Added Component: Designator=U?(TQFP100_A-120_N)
Added Component: Designator=U?(TQFP100_A-120_N)
Added Component: Designator=U?(TQFP100_A-120_N)
Added Component: Designator=U?(SSOP-24)
Added Component: Designator=X1(OSCILLATOR_7x5)
Added Component: Designator=X?(OSCILLATOR_7x5)
Added Pin To Net: NetName=CLK_40 Pin=U1-40
Added Pin To Net: NetName=CLK_40 Pin=X1-3
Added Net: Name=CLK_40
Added Pin To Net: NetName=D0 Pin=J1-11
Added Pin To Net: NetName=D0 Pin=J2-13
Added Pin To Net: NetName=D0 Pin=J3-13
Added Pin To Net: NetName=D0 Pin=U1-22
Added Pin To Net: NetName=D0 Pin=U1-23
Added Net: Name=D0
Added Pin To Net: NetName=D1 Pin=J1-12
Added Pin To Net: NetName=D1 Pin=J2-14
Added Pin To Net: NetName=D1 Pin=J3-14
Added Pin To Net: NetName=D1 Pin=U1-25
Added Net: Name=D1
Added Pin To Net: NetName=D2 Pin=J1-13
Added Pin To Net: NetName=D2 Pin=J2-15
Added Pin To Net: NetName=D2 Pin=J3-15
Added Pin To Net: NetName=D2 Pin=U1-21
Added Pin To Net: NetName=D2 Pin=U1-27
Added Net: Name=D2
Added Pin To Net: NetName=D3 Pin=J1-14
Added Pin To Net: NetName=D3 Pin=J2-17
Added Pin To Net: NetName=D3 Pin=J3-16
Added Pin To Net: NetName=D3 Pin=U1-28
Added Net: Name=D3
Added Pin To Net: NetName=D4 Pin=J1-15
Added Pin To Net: NetName=D4 Pin=J2-18
Added Pin To Net: NetName=D4 Pin=J3-17
Added Pin To Net: NetName=D4 Pin=U1-30
Added Net: Name=D4
Added Pin To Net: NetName=D5 Pin=J1-16
Added Pin To Net: NetName=D5 Pin=J2-19
Added Pin To Net: NetName=D5 Pin=J3-18
Added Pin To Net: NetName=D5 Pin=U1-20
Added Pin To Net: NetName=D5 Pin=U1-31
Added Net: Name=D5
Added Pin To Net: NetName=D6 Pin=J1-17
Added Pin To Net: NetName=D6 Pin=J2-20
Added Pin To Net: NetName=D6 Pin=J3-19
Added Pin To Net: NetName=D6 Pin=U1-33
Added Net: Name=D6
Added Pin To Net: NetName=D7 Pin=J1-18
Added Pin To Net: NetName=D7 Pin=J2-21
Added Pin To Net: NetName=D7 Pin=J3-20
Added Pin To Net: NetName=D7 Pin=U1-34
Added Pin To Net: NetName=D7 Pin=U1-35
Added Net: Name=D7
Added Pin To Net: NetName=GND Pin=*-23
Added Pin To Net: NetName=GND Pin=C1-2
Added Pin To Net: NetName=GND Pin=C2-2
Added Pin To Net: NetName=GND Pin=C3-2
Added Pin To Net: NetName=GND Pin=C4-2
Added Pin To Net: NetName=GND Pin=C5-2
Added Pin To Net: NetName=GND Pin=J1-23
Added Pin To Net: NetName=GND Pin=J2-2
Added Pin To Net: NetName=GND Pin=J2-3
Added Pin To Net: NetName=GND Pin=J2-4
Added Pin To Net: NetName=GND Pin=J2-16
Added Pin To Net: NetName=GND Pin=J2-22
Added Pin To Net: NetName=GND Pin=J2-23
Added Pin To Net: NetName=GND Pin=J2-25
Added Pin To Net: NetName=GND Pin=J2-26
Added Pin To Net: NetName=GND Pin=J2-27
Added Pin To Net: NetName=GND Pin=J2-28
Added Pin To Net: NetName=GND Pin=J2-29
Added Pin To Net: NetName=GND Pin=J3-12
Added Pin To Net: NetName=GND Pin=J4-2
Added Pin To Net: NetName=GND Pin=J4-10
Added Pin To Net: NetName=GND Pin=U1-4
Added Pin To Net: NetName=GND Pin=U1-16
Added Pin To Net: NetName=GND Pin=U1-24
Added Pin To Net: NetName=GND Pin=U1-36
Added Pin To Net: NetName=GND Pin=U?-4
Added Pin To Net: NetName=GND Pin=U?-95
Added Pin To Net: NetName=GND Pin=X1-2
Added Pin To Net: NetName=GND Pin=X?-2
Added Net: Name=GND
Added Pin To Net: NetName=PA0 Pin=J1-1
Added Pin To Net: NetName=PA0 Pin=J2-12
Added Pin To Net: NetName=PA0 Pin=U1-12
Added Net: Name=PA0
Added Pin To Net: NetName=PA1 Pin=J1-2
Added Pin To Net: NetName=PA1 Pin=J2-11
Added Pin To Net: NetName=PA1 Pin=U1-11
Added Net: Name=PA1
Added Pin To Net: NetName=PA2 Pin=J1-3
Added Pin To Net: NetName=PA2 Pin=J2-10
Added Pin To Net: NetName=PA2 Pin=U1-10
Added Net: Name=PA2
Added Pin To Net: NetName=PA3 Pin=J1-4
Added Pin To Net: NetName=PA3 Pin=J2-9
Added Pin To Net: NetName=PA3 Pin=U1-8
Added Net: Name=PA3
Added Pin To Net: NetName=PA4 Pin=J1-5
Added Pin To Net: NetName=PA4 Pin=J2-8
Added Pin To Net: NetName=PA4 Pin=U1-6
Added Net: Name=PA4
Added Pin To Net: NetName=PA5 Pin=J1-6
Added Pin To Net: NetName=PA5 Pin=J2-7
Added Pin To Net: NetName=PA5 Pin=U1-5
Added Net: Name=PA5
Added Pin To Net: NetName=PA6 Pin=J1-7
Added Pin To Net: NetName=PA6 Pin=J2-6
Added Pin To Net: NetName=PA6 Pin=U1-3
Added Net: Name=PA6
Added Pin To Net: NetName=PA7 Pin=J1-8
Added Pin To Net: NetName=PA7 Pin=J2-5
Added Pin To Net: NetName=PA7 Pin=U1-2
Added Net: Name=PA7
Added Pin To Net: NetName=PARD_N Pin=J1-10
Added Pin To Net: NetName=PARD_N Pin=U1-14
Added Net: Name=PARD_N
Added Pin To Net: NetName=PAWR_N Pin=J1-9
Added Pin To Net: NetName=PAWR_N Pin=U1-13
Added Net: Name=PAWR_N
Added Pin To Net: NetName=ROM_OE_N Pin=J2-24
Added Pin To Net: NetName=ROM_OE_N Pin=U1-43
Added Net: Name=ROM_OE_N
Added Pin To Net: NetName=ROM_WR_N Pin=J2-31
Added Pin To Net: NetName=ROM_WR_N Pin=U1-44
Added Net: Name=ROM_WR_N
Added Pin To Net: NetName=RST_N Pin=J1-19
Added Pin To Net: NetName=RST_N Pin=U1-39
Added Net: Name=RST_N
Added Pin To Net: NetName=SNES_5V Pin=C1-1
Added Pin To Net: NetName=SNES_5V Pin=C2-1
Added Pin To Net: NetName=SNES_5V Pin=C3-1
Added Pin To Net: NetName=SNES_5V Pin=C4-1
Added Pin To Net: NetName=SNES_5V Pin=C5-1
Added Pin To Net: NetName=SNES_5V Pin=J1-20
Added Pin To Net: NetName=SNES_5V Pin=J2-32
Added Pin To Net: NetName=SNES_5V Pin=J4-4
Added Pin To Net: NetName=SNES_5V Pin=J5-3
Added Pin To Net: NetName=SNES_5V Pin=U1-9
Added Pin To Net: NetName=SNES_5V Pin=U1-17
Added Pin To Net: NetName=SNES_5V Pin=U1-29
Added Pin To Net: NetName=SNES_5V Pin=U1-41
Added Pin To Net: NetName=SNES_5V Pin=X1-1
Added Pin To Net: NetName=SNES_5V Pin=X1-4
Added Net: Name=SNES_5V
Added Pin To Net: NetName=TCK Pin=J4-1
Added Pin To Net: NetName=TCK Pin=U1-26
Added Net: Name=TCK
Added Pin To Net: NetName=TDI Pin=J4-9
Added Pin To Net: NetName=TDI Pin=U1-1
Added Net: Name=TDI
Added Pin To Net: NetName=TDO Pin=J4-3
Added Pin To Net: NetName=TDO Pin=U1-32
Added Net: Name=TDO
Added Pin To Net: NetName=TMS Pin=J4-5
Added Pin To Net: NetName=TMS Pin=U1-7
Added Net: Name=TMS
Added Pin To Net: NetName=USB_5V Pin=J3-5
Added Pin To Net: NetName=USB_5V Pin=J3-11
Added Pin To Net: NetName=USB_5V Pin=J5-2
Added Net: Name=USB_5V
Added Pin To Net: NetName=USB_BIT0 Pin=J3-6
Added Pin To Net: NetName=USB_BIT0 Pin=U1-37
Added Net: Name=USB_BIT0
Added Pin To Net: NetName=USB_BIT1 Pin=J3-7
Added Pin To Net: NetName=USB_BIT1 Pin=U1-18
Added Net: Name=USB_BIT1
Added Pin To Net: NetName=USB_BIT2 Pin=J3-9
Added Net: Name=USB_BIT2
Added Pin To Net: NetName=USB_BIT3 Pin=J3-10
Added Net: Name=USB_BIT3
Added Pin To Net: NetName=USB_RDN Pin=J3-3
Added Pin To Net: NetName=USB_RDN Pin=U1-42
Added Net: Name=USB_RDN
Added Pin To Net: NetName=USB_RXFN Pin=J3-1
Added Pin To Net: NetName=USB_RXFN Pin=U1-38
Added Net: Name=USB_RXFN
Added Pin To Net: NetName=USB_TXEN Pin=J3-2
Added Pin To Net: NetName=USB_TXEN Pin=U1-19
Added Net: Name=USB_TXEN
Added Pin To Net: NetName=USB_WRN Pin=J3-4
Added Pin To Net: NetName=USB_WRN Pin=U1-15
Added Net: Name=USB_WRN
Added Class: Name=21FX_revd_s1
Added Class: Name=snes_hook
Added Room: Name=21FX_revd_s1
Added Room: Name=snes_hook
